0 info it worked if it ends with ok
1 verbose cli [ '/Users/robbertvancaem/.nvm/versions/node/v6.2.2/bin/node',
1 verbose cli   '/Users/robbertvancaem/.nvm/versions/node/v6.2.2/bin/npm',
1 verbose cli   'start' ]
2 info using npm@3.9.5
3 info using node@v6.2.2
4 verbose run-script [ 'prestart', 'start', 'poststart' ]
5 info lifecycle meh@0.1.0~prestart: meh@0.1.0
6 silly lifecycle meh@0.1.0~prestart: no script for prestart, continuing
7 info lifecycle meh@0.1.0~start: meh@0.1.0
8 verbose lifecycle meh@0.1.0~start: unsafe-perm in lifecycle true
9 verbose lifecycle meh@0.1.0~start: PATH: /Users/robbertvancaem/.nvm/versions/node/v6.2.2/lib/node_modules/npm/bin/node-gyp-bin:/Users/robbertvancaem/Development/meh/node_modules/.bin:/Users/robbertvancaem/.nvm/versions/node/v6.2.2/bin:/Users/robbertvancaem/.nvm/versions/node/v6.2.2/bin:/Users/robbertvancaem/google-cloud-sdk/bin:/usr/local/bin:/usr/bin:/bin:/usr/sbin:/sbin:/opt/X11/bin:/usr/local/git/bin:/usr/local/mysql/bin:/Users/robbertvancaem/Documents/Developer/sdk/platform-tools:/Users/robbertvancaem/Documents/Developer/sdk/tools:/usr/local/mysql/bin
10 verbose lifecycle meh@0.1.0~start: CWD: /Users/robbertvancaem/Development/meh
11 silly lifecycle meh@0.1.0~start: Args: [ '-c',
11 silly lifecycle   'concurrently --kill-others "node config/api.server.js" "npm run start:dev"' ]
12 silly lifecycle meh@0.1.0~start: Returned: code: 1  signal: null
13 info lifecycle meh@0.1.0~start: Failed to exec start script
14 verbose stack Error: meh@0.1.0 start: `concurrently --kill-others "node config/api.server.js" "npm run start:dev"`
14 verbose stack Exit status 1
14 verbose stack     at EventEmitter.<anonymous> (/Users/robbertvancaem/.nvm/versions/node/v6.2.2/lib/node_modules/npm/lib/utils/lifecycle.js:245:16)
14 verbose stack     at emitTwo (events.js:106:13)
14 verbose stack     at EventEmitter.emit (events.js:191:7)
14 verbose stack     at ChildProcess.<anonymous> (/Users/robbertvancaem/.nvm/versions/node/v6.2.2/lib/node_modules/npm/lib/utils/spawn.js:24:14)
14 verbose stack     at emitTwo (events.js:106:13)
14 verbose stack     at ChildProcess.emit (events.js:191:7)
14 verbose stack     at maybeClose (internal/child_process.js:852:16)
14 verbose stack     at Process.ChildProcess._handle.onexit (internal/child_process.js:215:5)
15 verbose pkgid meh@0.1.0
16 verbose cwd /Users/robbertvancaem/Development/meh
17 error Darwin 15.6.0
18 error argv "/Users/robbertvancaem/.nvm/versions/node/v6.2.2/bin/node" "/Users/robbertvancaem/.nvm/versions/node/v6.2.2/bin/npm" "start"
19 error node v6.2.2
20 error npm  v3.9.5
21 error code ELIFECYCLE
22 error meh@0.1.0 start: `concurrently --kill-others "node config/api.server.js" "npm run start:dev"`
22 error Exit status 1
23 error Failed at the meh@0.1.0 start script 'concurrently --kill-others "node config/api.server.js" "npm run start:dev"'.
23 error Make sure you have the latest version of node.js and npm installed.
23 error If you do, this is most likely a problem with the meh package,
23 error not with npm itself.
23 error Tell the author that this fails on your system:
23 error     concurrently --kill-others "node config/api.server.js" "npm run start:dev"
23 error You can get information on how to open an issue for this project with:
23 error     npm bugs meh
23 error Or if that isn't available, you can get their info via:
23 error     npm owner ls meh
23 error There is likely additional logging output above.
24 verbose exit [ 1, true ]
